{"/Users/daisywang/daisy/monorepo/libs/ui/src/lib/banner/banner.tsx": {"path":"/Users/daisywang/daisy/monorepo/libs/ui/src/lib/banner/banner.tsx","statementMap":{"0":{"start":{"line":8,"column":21},"end":{"line":10,"column":1}},"1":{"start":{"line":13,"column":2},"end":{"line":17,"column":4}}},"fnMap":{"0":{"name":"Banner","decl":{"start":{"line":12,"column":16},"end":{"line":12,"column":22}},"loc":{"start":{"line":12,"column":43},"end":{"line":18,"column":1}},"line":12}},"branchMap":{},"s":{"0":1,"1":1},"f":{"0":1},"b":{},"_coverageSchema":"1a1c01bbd47fc00a2c39e90264f33305004495a9","hash":"53581a6985f7ebf0647e112a5bab542d731b91eb"}
}
